TN:
SF:app.js
FN:13,(anonymous_0)
FN:25,(anonymous_1)
FNF:2
FNH:0
FNDA:0,(anonymous_0)
FNDA:0,(anonymous_1)
DA:1,3
DA:2,3
DA:3,3
DA:4,3
DA:6,3
DA:7,3
DA:9,3
DA:10,3
DA:11,3
DA:13,3
DA:14,3
DA:15,3
DA:17,3
DA:19,3
DA:20,0
DA:21,0
DA:22,0
DA:24,0
DA:25,0
DA:28,3
LF:20
LH:15
BRDA:19,0,0,0
BRDA:19,0,1,3
BRDA:20,1,0,0
BRDA:20,1,1,0
BRDA:24,2,0,0
BRDA:24,2,1,0
BRF:6
BRH:1
end_of_record
TN:
SF:db.js
FN:12,migrate
FNF:1
FNH:1
FNDA:38,migrate
DA:1,4
DA:2,4
DA:4,4
DA:5,4
DA:7,4
DA:9,4
DA:10,4
DA:13,38
DA:33,4
DA:35,4
LF:10
LH:10
BRDA:5,0,0,4
BRDA:5,0,1,0
BRDA:5,1,0,0
BRDA:5,1,1,0
BRF:4
BRH:1
end_of_record
TN:
SF:controllers\authController.js
FN:5,validateEmail
FN:9,register
FN:25,login
FNF:3
FNH:3
FNDA:15,validateEmail
FNDA:15,register
FNDA:12,login
DA:1,3
DA:2,3
DA:3,3
DA:6,15
DA:10,15
DA:11,15
DA:12,15
DA:13,14
DA:14,13
DA:15,13
DA:16,12
DA:17,12
DA:18,12
DA:20,0
DA:21,0
DA:26,12
DA:27,12
DA:28,12
DA:29,12
DA:30,11
DA:31,11
DA:32,10
DA:33,0
DA:35,10
DA:36,10
DA:44,0
DA:45,0
DA:49,3
LF:28
LH:23
BRDA:11,0,0,15
BRDA:11,0,1,0
BRDA:12,1,0,1
BRDA:12,1,1,14
BRDA:13,2,0,1
BRDA:13,2,1,13
BRDA:13,3,0,14
BRDA:13,3,1,14
BRDA:15,4,0,1
BRDA:15,4,1,12
BRDA:27,5,0,12
BRDA:27,5,1,0
BRDA:28,6,0,12
BRDA:28,6,1,0
BRDA:29,7,0,1
BRDA:29,7,1,11
BRDA:30,8,0,11
BRDA:30,8,1,0
BRDA:31,9,0,1
BRDA:31,9,1,10
BRDA:32,10,0,0
BRDA:32,10,1,10
BRF:22
BRH:17
end_of_record
TN:
SF:controllers\taskController.js
FN:3,getAll
FN:8,getOne
FN:14,create
FN:21,update
FN:31,remove
FNF:5
FNH:5
FNDA:3,getAll
FNDA:3,getOne
FNDA:6,create
FNDA:5,update
FNDA:2,remove
DA:1,3
DA:4,3
DA:5,3
DA:9,3
DA:10,3
DA:11,1
DA:15,6
DA:16,6
DA:17,3
DA:18,3
DA:22,5
DA:23,5
DA:24,5
DA:25,5
DA:26,5
DA:27,5
DA:28,4
DA:32,2
DA:33,2
DA:34,2
DA:35,1
DA:38,3
LF:22
LH:22
BRDA:10,0,0,2
BRDA:10,0,1,1
BRDA:15,1,0,4
BRDA:15,1,1,2
BRDA:15,2,0,6
BRDA:15,2,1,6
BRDA:16,3,0,3
BRDA:16,3,1,3
BRDA:24,4,0,3
BRDA:24,4,1,2
BRDA:25,5,0,3
BRDA:25,5,1,2
BRDA:27,6,0,1
BRDA:27,6,1,4
BRDA:34,7,0,1
BRDA:34,7,1,1
BRF:16
BRH:16
end_of_record
TN:
SF:middleware\requireAuth.js
FN:4,requireAuth
FNF:1
FNH:1
FNDA:28,requireAuth
DA:1,3
DA:2,3
DA:5,28
DA:6,28
DA:7,28
DA:8,22
DA:9,22
DA:12,20
DA:13,20
DA:14,1
DA:17,19
DA:18,19
DA:20,2
DA:24,3
LF:14
LH:14
BRDA:5,0,0,28
BRDA:5,0,1,5
BRDA:6,1,0,22
BRDA:6,1,1,6
BRDA:7,2,0,6
BRDA:7,2,1,22
BRDA:13,3,0,1
BRDA:13,3,1,19
BRF:8
BRH:8
end_of_record
TN:
SF:models\taskModel.js
FN:9,createTask
FN:15,listTasks
FN:19,getTask
FN:23,updateTask
FN:34,deleteTask
FNF:5
FNH:5
FNDA:10,createTask
FNDA:5,listTasks
FNDA:16,getTask
FNDA:10,updateTask
FNDA:5,deleteTask
DA:1,4
DA:3,4
DA:4,4
DA:5,4
DA:6,4
DA:7,4
DA:10,10
DA:11,10
DA:12,10
DA:16,5
DA:20,16
DA:24,10
DA:25,10
DA:26,10
DA:27,7
DA:28,7
DA:29,7
DA:30,7
DA:31,7
DA:35,5
DA:36,5
DA:39,4
LF:22
LH:22
BRDA:26,0,0,3
BRDA:26,0,1,7
BRDA:27,1,0,7
BRDA:27,1,1,3
BRDA:28,2,0,5
BRDA:28,2,1,2
BRDA:28,3,0,3
BRDA:28,3,1,2
BRDA:30,4,0,0
BRDA:30,4,1,7
BRF:10
BRH:9
end_of_record
TN:
SF:models\userModel.js
FN:7,createUser
FNF:1
FNH:1
FNDA:26,createUser
DA:1,4
DA:3,4
DA:4,4
DA:5,4
DA:8,26
DA:9,26
DA:10,26
DA:13,4
LF:8
LH:8
BRF:0
BRH:0
end_of_record
TN:
SF:routes\authRoutes.js
FNF:0
FNH:0
DA:1,3
DA:2,3
DA:4,3
DA:5,3
DA:6,3
DA:8,3
LF:6
LH:6
BRF:0
BRH:0
end_of_record
TN:
SF:routes\taskRoutes.js
FNF:0
FNH:0
DA:1,3
DA:2,3
DA:3,3
DA:5,3
DA:7,3
DA:8,3
DA:9,3
DA:10,3
DA:11,3
DA:12,3
DA:14,3
LF:11
LH:11
BRF:0
BRH:0
end_of_record
