TN:
SF:app.js
FN:13,(anonymous_0)
FN:25,(anonymous_1)
FNF:2
FNH:0
FNDA:0,(anonymous_0)
FNDA:0,(anonymous_1)
DA:1,3
DA:2,3
DA:3,3
DA:4,3
DA:6,3
DA:7,3
DA:9,3
DA:10,3
DA:11,3
DA:13,3
DA:14,3
DA:15,3
DA:17,3
DA:19,3
DA:20,0
DA:21,0
DA:22,0
DA:24,0
DA:25,0
DA:28,3
LF:20
LH:15
BRDA:19,0,0,0
BRDA:19,0,1,3
BRDA:20,1,0,0
BRDA:20,1,1,0
BRDA:24,2,0,0
BRDA:24,2,1,0
BRF:6
BRH:1
end_of_record
TN:
SF:db.js
FN:12,migrate
FNF:1
FNH:1
FNDA:38,migrate
DA:1,4
DA:2,4
DA:4,4
DA:5,4
DA:7,4
DA:9,4
DA:10,4
DA:13,38
DA:33,4
DA:35,4
LF:10
LH:10
BRDA:5,0,0,4
BRDA:5,0,1,0
BRDA:5,1,0,0
BRDA:5,1,1,0
BRF:4
BRH:1
end_of_record
TN:
SF:controllers\authController.js
FN:5,validateEmail
FN:9,register
FN:25,login
FNF:3
FNH:3
FNDA:15,validateEmail
FNDA:15,register
FNDA:12,login
DA:1,3
DA:2,3
DA:3,3
DA:6,15
DA:10,15
DA:11,15
DA:12,15
DA:13,14
DA:14,13
DA:15,13
DA:16,12
DA:17,12
DA:18,12
DA:20,0
DA:21,0
DA:26,12
DA:27,12
DA:28,12
DA:29,12
DA:30,11
DA:31,11
DA:32,10
DA:33,0
DA:35,10
DA:36,10
DA:44,0
DA:45,0
DA:49,3
LF:28
LH:23
BRDA:11,0,0,15
BRDA:11,0,1,0
BRDA:12,1,0,1
BRDA:12,1,1,14
BRDA:13,2,0,1
BRDA:13,2,1,13
BRDA:13,3,0,14
BRDA:13,3,1,14
BRDA:15,4,0,1
BRDA:15,4,1,12
BRDA:27,5,0,12
BRDA:27,5,1,0
BRDA:28,6,0,12
BRDA:28,6,1,0
BRDA:29,7,0,1
BRDA:29,7,1,11
BRDA:30,8,0,11
BRDA:30,8,1,0
BRDA:31,9,0,1
BRDA:31,9,1,10
BRDA:32,10,0,0
BRDA:32,10,1,10
BRF:22
BRH:17
end_of_record
TN:
SF:controllers\taskController.js
FN:3,getAll
FN:8,getOne
FN:14,create
FN:21,update
FN:36,remove
FNF:5
FNH:5
FNDA:2,getAll
FNDA:3,getOne
FNDA:6,create
FNDA:3,update
FNDA:1,remove
DA:1,3
DA:4,2
DA:5,2
DA:9,3
DA:10,3
DA:11,1
DA:15,6
DA:16,6
DA:17,3
DA:18,3
DA:22,3
DA:23,3
DA:24,3
DA:25,3
DA:27,3
DA:29,3
DA:30,3
DA:32,3
DA:33,2
DA:37,1
DA:38,1
DA:39,1
DA:40,0
DA:43,3
LF:24
LH:23
BRDA:10,0,0,2
BRDA:10,0,1,1
BRDA:15,1,0,4
BRDA:15,1,1,2
BRDA:15,2,0,6
BRDA:15,2,1,6
BRDA:16,3,0,3
BRDA:16,3,1,3
BRDA:24,4,0,2
BRDA:24,4,1,1
BRDA:25,5,0,1
BRDA:25,5,1,2
BRDA:32,6,0,1
BRDA:32,6,1,2
BRDA:39,7,0,1
BRDA:39,7,1,0
BRF:16
BRH:15
end_of_record
TN:
SF:middleware\requireAuth.js
FN:4,requireAuth
FNF:1
FNH:1
FNDA:24,requireAuth
DA:1,3
DA:2,3
DA:5,24
DA:6,24
DA:7,24
DA:8,18
DA:9,18
DA:12,16
DA:13,16
DA:14,1
DA:17,15
DA:18,15
DA:20,2
DA:24,3
LF:14
LH:14
BRDA:5,0,0,24
BRDA:5,0,1,5
BRDA:6,1,0,18
BRDA:6,1,1,6
BRDA:7,2,0,6
BRDA:7,2,1,18
BRDA:13,3,0,1
BRDA:13,3,1,15
BRF:8
BRH:8
end_of_record
TN:
SF:models\taskModel.js
FN:9,createTask
FN:15,listTasks
FN:17,(anonymous_2)
FN:23,getTask
FN:32,updateTask
FN:51,deleteTask
FNF:6
FNH:6
FNDA:10,createTask
FNDA:4,listTasks
FNDA:3,(anonymous_2)
FNDA:11,getTask
FNDA:5,updateTask
FNDA:3,deleteTask
DA:1,4
DA:3,4
DA:4,4
DA:5,4
DA:6,4
DA:7,4
DA:10,10
DA:11,10
DA:12,10
DA:16,4
DA:17,4
DA:24,11
DA:25,11
DA:26,5
DA:33,5
DA:34,5
DA:35,5
DA:37,3
DA:39,3
DA:40,3
DA:42,3
DA:44,3
DA:45,3
DA:47,3
DA:48,3
DA:52,3
DA:53,3
DA:56,4
LF:28
LH:28
BRDA:25,0,0,6
BRDA:25,0,1,5
BRDA:35,1,0,2
BRDA:35,1,1,3
BRDA:37,2,0,3
BRDA:37,2,1,1
BRDA:39,3,0,0
BRDA:39,3,1,3
BRDA:40,4,0,1
BRDA:40,4,1,2
BRDA:40,5,0,1
BRDA:40,5,1,0
BRDA:47,6,0,0
BRDA:47,6,1,3
BRF:14
BRH:11
end_of_record
TN:
SF:models\userModel.js
FN:7,createUser
FNF:1
FNH:1
FNDA:26,createUser
DA:1,4
DA:3,4
DA:4,4
DA:5,4
DA:8,26
DA:9,26
DA:10,26
DA:13,4
LF:8
LH:8
BRF:0
BRH:0
end_of_record
TN:
SF:routes\authRoutes.js
FNF:0
FNH:0
DA:1,3
DA:2,3
DA:4,3
DA:5,3
DA:6,3
DA:8,3
LF:6
LH:6
BRF:0
BRH:0
end_of_record
TN:
SF:routes\taskRoutes.js
FNF:0
FNH:0
DA:1,3
DA:2,3
DA:3,3
DA:5,3
DA:7,3
DA:8,3
DA:9,3
DA:10,3
DA:11,3
DA:12,3
DA:14,3
LF:11
LH:11
BRF:0
BRH:0
end_of_record
